  CollisionDetectionManager.cpp
  EnvironmentManager.cpp
  FileManager.cpp
C:\Users\notRe\OneDrive\Projects\HopWards\External\yaml-cpp\include\yaml-cpp\conversion.h(66,44): warning C4127: conditional expression is constant
C:\Users\notRe\OneDrive\Projects\HopWards\External\yaml-cpp\include\yaml-cpp\conversion.h(50): message : consider using 'if constexpr' statement instead
C:\Users\notRe\OneDrive\Projects\HopWards\External\yaml-cpp\include\yaml-cpp\nodereadimpl.h(77): message : see reference to function template instantiation 'bool YAML::Convert<T>(const std::string &,T &,void *)' being compiled
          with
          [
              T=long
          ]
C:\Users\notRe\OneDrive\Projects\HopWards\External\yaml-cpp\include\yaml-cpp\nodeimpl.h(23): message : see reference to function template instantiation 'bool YAML::ConvertScalar<T>(const YAML::Node &,T &)' being compiled
          with
          [
              T=long
          ]
C:\Users\notRe\OneDrive\Projects\HopWards\Source\FileManager.cpp(92,27): message : see reference to function template instantiation 'void YAML::operator >><long>(const YAML::Node &,T &)' being compiled
          with
          [
              T=long
          ]
  GameStateManager.cpp
  GraphicsManager.cpp
C:\Users\notRe\OneDrive\Projects\HopWards\Source\GraphicsManager.cpp(61,19): error C2102: '&' requires l-value
  InputManager.cpp
  Level1.cpp
  Main.cpp
  MainMenu.cpp
  ObjectManager.cpp
  SimulationManager.cpp
